{"C:\\Users\\Administrator\\Documents\\aiprodutor\\aiprodutor-backend\\src\\app.controller.ts": {"path":"C:\\Users\\Administrator\\Documents\\aiprodutor\\aiprodutor-backend\\src\\app.controller.ts","statementMap":{"0":{"start":{"line":3,"column":0},"end":{"line":3,"column":59}},"1":{"start":{"line":4,"column":0},"end":{"line":4,"column":55}},"2":{"start":{"line":8,"column":7},"end":{"line":13,"column":null}},"3":{"start":{"line":8,"column":13},"end":{"line":8,"column":26}},"4":{"start":{"line":11,"column":2},"end":{"line":12,"column":null}},"5":{"start":{"line":8,"column":13},"end":{"line":13,"column":null}}},"fnMap":{"0":{"name":"(anonymous_2)","decl":{"start":{"line":11,"column":2},"end":{"line":11,"column":16}},"loc":{"start":{"line":11,"column":16},"end":{"line":12,"column":3}}}},"branchMap":{},"s":{"0":0,"1":0,"2":0,"3":0,"4":0,"5":0},"f":{"0":0},"b":{}}
,"C:\\Users\\Administrator\\Documents\\aiprodutor\\aiprodutor-backend\\src\\app.module.ts": {"path":"C:\\Users\\Administrator\\Documents\\aiprodutor\\aiprodutor-backend\\src\\app.module.ts","statementMap":{"0":{"start":{"line":3,"column":0},"end":{"line":3,"column":40}},"1":{"start":{"line":4,"column":0},"end":{"line":4,"column":46}},"2":{"start":{"line":5,"column":0},"end":{"line":5,"column":61}},"3":{"start":{"line":6,"column":0},"end":{"line":6,"column":63}},"4":{"start":{"line":7,"column":0},"end":{"line":7,"column":49}},"5":{"start":{"line":8,"column":0},"end":{"line":8,"column":51}},"6":{"start":{"line":20,"column":7},"end":{"line":20,"column":null}},"7":{"start":{"line":20,"column":13},"end":{"line":20,"column":22}},"8":{"start":{"line":20,"column":13},"end":{"line":20,"column":null}}},"fnMap":{},"branchMap":{},"s":{"0":0,"1":0,"2":0,"3":0,"4":0,"5":0,"6":0,"7":0,"8":0},"f":{},"b":{}}
,"C:\\Users\\Administrator\\Documents\\aiprodutor\\aiprodutor-backend\\src\\main.ts": {"path":"C:\\Users\\Administrator\\Documents\\aiprodutor\\aiprodutor-backend\\src\\main.ts","statementMap":{"0":{"start":{"line":3,"column":0},"end":{"line":3,"column":43}},"1":{"start":{"line":4,"column":0},"end":{"line":4,"column":41}},"2":{"start":{"line":5,"column":0},"end":{"line":5,"column":48}},"3":{"start":{"line":6,"column":0},"end":{"line":6,"column":65}},"4":{"start":{"line":9,"column":14},"end":{"line":9,"column":49}},"5":{"start":{"line":10,"column":2},"end":{"line":10,"column":33}},"6":{"start":{"line":11,"column":2},"end":{"line":11,"column":19}},"7":{"start":{"line":12,"column":2},"end":{"line":12,"column":43}},"8":{"start":{"line":15,"column":17},"end":{"line":21,"column":12}},"9":{"start":{"line":22,"column":19},"end":{"line":22,"column":60}},"10":{"start":{"line":23,"column":2},"end":{"line":23,"column":49}},"11":{"start":{"line":25,"column":2},"end":{"line":25,"column":45}},"12":{"start":{"line":27,"column":0},"end":{"line":27,"column":12}}},"fnMap":{"0":{"name":"bootstrap","decl":{"start":{"line":8,"column":15},"end":{"line":8,"column":24}},"loc":{"start":{"line":8,"column":24},"end":{"line":26,"column":1}}}},"branchMap":{"0":{"loc":{"start":{"line":25,"column":19},"end":{"line":25,"column":43}},"type":"binary-expr","locations":[{"start":{"line":25,"column":19},"end":{"line":25,"column":35}},{"start":{"line":25,"column":39},"end":{"line":25,"column":43}}]}},"s":{"0":0,"1":0,"2":0,"3":0,"4":0,"5":0,"6":0,"7":0,"8":0,"9":0,"10":0,"11":0,"12":0},"f":{"0":0},"b":{"0":[0,0]}}
,"C:\\Users\\Administrator\\Documents\\aiprodutor\\aiprodutor-backend\\src\\areas\\areas.controller.ts": {"path":"C:\\Users\\Administrator\\Documents\\aiprodutor\\aiprodutor-backend\\src\\areas\\areas.controller.ts","statementMap":{"0":{"start":{"line":1,"column":0},"end":{"line":1,"column":106}},"1":{"start":{"line":2,"column":0},"end":{"line":2,"column":88}},"2":{"start":{"line":3,"column":0},"end":{"line":3,"column":47}},"3":{"start":{"line":4,"column":0},"end":{"line":4,"column":56}},"4":{"start":{"line":5,"column":0},"end":{"line":5,"column":67}},"5":{"start":{"line":9,"column":7},"end":{"line":36,"column":null}},"6":{"start":{"line":10,"column":31},"end":{"line":10,"column":45}},"7":{"start":{"line":20,"column":4},"end":{"line":20,"column":58}},"8":{"start":{"line":34,"column":4},"end":{"line":34,"column":73}},"9":{"start":{"line":9,"column":13},"end":{"line":9,"column":28}},"10":{"start":{"line":19,"column":8},"end":{"line":21,"column":null}},"11":{"start":{"line":30,"column":8},"end":{"line":35,"column":null}},"12":{"start":{"line":9,"column":13},"end":{"line":36,"column":null}}},"fnMap":{"0":{"name":"(anonymous_4)","decl":{"start":{"line":10,"column":2},"end":{"line":10,"column":31}},"loc":{"start":{"line":10,"column":57},"end":{"line":10,"column":61}}},"1":{"name":"(anonymous_5)","decl":{"start":{"line":19,"column":8},"end":{"line":19,"column":14}},"loc":{"start":{"line":19,"column":53},"end":{"line":21,"column":3}}},"2":{"name":"(anonymous_6)","decl":{"start":{"line":30,"column":8},"end":{"line":30,"column":20}},"loc":{"start":{"line":32,"column":52},"end":{"line":35,"column":3}}}},"branchMap":{"0":{"loc":{"start":{"line":19,"column":39},"end":{"line":19,"column":null}},"type":"cond-expr","locations":[{"start":{"line":19,"column":53},"end":{"line":19,"column":null}},{"start":{"line":19,"column":53},"end":{"line":19,"column":null}}]},"1":{"loc":{"start":{"line":19,"column":39},"end":{"line":19,"column":53}},"type":"binary-expr","locations":[{"start":{"line":19,"column":39},"end":{"line":19,"column":null}},{"start":{"line":19,"column":39},"end":{"line":19,"column":53}}]},"2":{"loc":{"start":{"line":32,"column":33},"end":{"line":32,"column":null}},"type":"cond-expr","locations":[{"start":{"line":32,"column":52},"end":{"line":32,"column":null}},{"start":{"line":32,"column":52},"end":{"line":32,"column":null}}]},"3":{"loc":{"start":{"line":32,"column":33},"end":{"line":32,"column":52}},"type":"binary-expr","locations":[{"start":{"line":32,"column":33},"end":{"line":32,"column":null}},{"start":{"line":32,"column":33},"end":{"line":32,"column":52}}]},"4":{"loc":{"start":{"line":10,"column":45},"end":{"line":10,"column":60}},"type":"cond-expr","locations":[{"start":{"line":10,"column":57},"end":{"line":10,"column":60}},{"start":{"line":10,"column":57},"end":{"line":10,"column":60}}]},"5":{"loc":{"start":{"line":10,"column":45},"end":{"line":10,"column":57}},"type":"binary-expr","locations":[{"start":{"line":10,"column":45},"end":{"line":10,"column":60}},{"start":{"line":10,"column":45},"end":{"line":10,"column":57}}]}},"s":{"0":2,"1":2,"2":2,"3":2,"4":2,"5":2,"6":19,"7":6,"8":6,"9":2,"10":2,"11":2,"12":2},"f":{"0":19,"1":6,"2":6},"b":{"0":[2,0],"1":[2,2],"2":[2,0],"3":[2,2],"4":[2,0],"5":[2,2]}}
,"C:\\Users\\Administrator\\Documents\\aiprodutor\\aiprodutor-backend\\src\\areas\\areas.e2e-spec.ts": {"path":"C:\\Users\\Administrator\\Documents\\aiprodutor\\aiprodutor-backend\\src\\areas\\areas.e2e-spec.ts","statementMap":{"0":{"start":{"line":1,"column":0},"end":{"line":1,"column":54}},"1":{"start":{"line":2,"column":0},"end":{"line":2,"column":66}},"2":{"start":{"line":3,"column":0},"end":{"line":3,"column":32}},"3":{"start":{"line":4,"column":0},"end":{"line":4,"column":45}},"4":{"start":{"line":5,"column":0},"end":{"line":5,"column":47}},"5":{"start":{"line":6,"column":0},"end":{"line":6,"column":53}},"6":{"start":{"line":7,"column":0},"end":{"line":7,"column":72}},"7":{"start":{"line":8,"column":0},"end":{"line":8,"column":74}},"8":{"start":{"line":9,"column":0},"end":{"line":9,"column":92}},"9":{"start":{"line":10,"column":0},"end":{"line":10,"column":64}},"10":{"start":{"line":12,"column":0},"end":{"line":342,"column":3}},"11":{"start":{"line":20,"column":30},"end":{"line":24,"column":4}},"12":{"start":{"line":26,"column":34},"end":{"line":28,"column":4}},"13":{"start":{"line":30,"column":34},"end":{"line":32,"column":4}},"14":{"start":{"line":34,"column":40},"end":{"line":36,"column":4}},"15":{"start":{"line":38,"column":28},"end":{"line":44,"column":4}},"16":{"start":{"line":46,"column":34},"end":{"line":63,"column":4}},"17":{"start":{"line":65,"column":23},"end":{"line":70,"column":4}},"18":{"start":{"line":72,"column":23},"end":{"line":75,"column":4}},"19":{"start":{"line":77,"column":29},"end":{"line":80,"column":4}},"20":{"start":{"line":82,"column":19},"end":{"line":92,"column":4}},"21":{"start":{"line":94,"column":2},"end":{"line":120,"column":5}},"22":{"start":{"line":95,"column":41},"end":{"line":108,"column":16}},"23":{"start":{"line":110,"column":4},"end":{"line":110,"column":48}},"24":{"start":{"line":111,"column":4},"end":{"line":111,"column":92}},"25":{"start":{"line":113,"column":4},"end":{"line":113,"column":65}},"26":{"start":{"line":114,"column":4},"end":{"line":114,"column":74}},"27":{"start":{"line":115,"column":4},"end":{"line":115,"column":86}},"28":{"start":{"line":116,"column":4},"end":{"line":116,"column":86}},"29":{"start":{"line":117,"column":4},"end":{"line":117,"column":104}},"30":{"start":{"line":119,"column":4},"end":{"line":119,"column":21}},"31":{"start":{"line":122,"column":2},"end":{"line":125,"column":5}},"32":{"start":{"line":123,"column":4},"end":{"line":123,"column":25}},"33":{"start":{"line":124,"column":4},"end":{"line":124,"column":22}},"34":{"start":{"line":127,"column":2},"end":{"line":251,"column":5}},"35":{"start":{"line":128,"column":4},"end":{"line":144,"column":7}},"36":{"start":{"line":129,"column":6},"end":{"line":129,"column":71}},"37":{"start":{"line":130,"column":6},"end":{"line":130,"column":71}},"38":{"start":{"line":131,"column":6},"end":{"line":131,"column":83}},"39":{"start":{"line":132,"column":6},"end":{"line":132,"column":61}},"40":{"start":{"line":134,"column":23},"end":{"line":137,"column":20}},"41":{"start":{"line":139,"column":6},"end":{"line":139,"column":46}},"42":{"start":{"line":140,"column":6},"end":{"line":140,"column":71}},"43":{"start":{"line":141,"column":6},"end":{"line":141,"column":71}},"44":{"start":{"line":142,"column":6},"end":{"line":142,"column":77}},"45":{"start":{"line":143,"column":6},"end":{"line":143,"column":87}},"46":{"start":{"line":146,"column":4},"end":{"line":159,"column":7}},"47":{"start":{"line":147,"column":6},"end":{"line":147,"column":63}},"48":{"start":{"line":149,"column":23},"end":{"line":152,"column":20}},"49":{"start":{"line":154,"column":6},"end":{"line":154,"column":68}},"50":{"start":{"line":155,"column":6},"end":{"line":155,"column":71}},"51":{"start":{"line":156,"column":6},"end":{"line":156,"column":70}},"52":{"start":{"line":157,"column":6},"end":{"line":157,"column":76}},"53":{"start":{"line":158,"column":6},"end":{"line":158,"column":64}},"54":{"start":{"line":161,"column":4},"end":{"line":175,"column":7}},"55":{"start":{"line":162,"column":6},"end":{"line":162,"column":71}},"56":{"start":{"line":163,"column":6},"end":{"line":163,"column":63}},"57":{"start":{"line":165,"column":23},"end":{"line":168,"column":20}},"58":{"start":{"line":170,"column":6},"end":{"line":170,"column":72}},"59":{"start":{"line":171,"column":6},"end":{"line":171,"column":71}},"60":{"start":{"line":172,"column":6},"end":{"line":172,"column":71}},"61":{"start":{"line":173,"column":6},"end":{"line":173,"column":76}},"62":{"start":{"line":174,"column":6},"end":{"line":174,"column":64}},"63":{"start":{"line":177,"column":4},"end":{"line":192,"column":7}},"64":{"start":{"line":178,"column":6},"end":{"line":178,"column":71}},"65":{"start":{"line":179,"column":6},"end":{"line":179,"column":71}},"66":{"start":{"line":180,"column":6},"end":{"line":180,"column":69}},"67":{"start":{"line":182,"column":23},"end":{"line":185,"column":20}},"68":{"start":{"line":187,"column":6},"end":{"line":187,"column":77}},"69":{"start":{"line":188,"column":6},"end":{"line":188,"column":71}},"70":{"start":{"line":189,"column":6},"end":{"line":189,"column":71}},"71":{"start":{"line":190,"column":6},"end":{"line":190,"column":77}},"72":{"start":{"line":191,"column":6},"end":{"line":191,"column":64}},"73":{"start":{"line":194,"column":4},"end":{"line":209,"column":7}},"74":{"start":{"line":195,"column":25},"end":{"line":200,"column":8}},"75":{"start":{"line":202,"column":23},"end":{"line":205,"column":20}},"76":{"start":{"line":207,"column":6},"end":{"line":207,"column":74}},"77":{"start":{"line":208,"column":6},"end":{"line":208,"column":70}},"78":{"start":{"line":211,"column":4},"end":{"line":221,"column":7}},"79":{"start":{"line":212,"column":25},"end":{"line":212,"column":78}},"80":{"start":{"line":214,"column":23},"end":{"line":217,"column":20}},"81":{"start":{"line":219,"column":6},"end":{"line":219,"column":86}},"82":{"start":{"line":220,"column":6},"end":{"line":220,"column":70}},"83":{"start":{"line":223,"column":4},"end":{"line":233,"column":7}},"84":{"start":{"line":224,"column":25},"end":{"line":224,"column":104}},"85":{"start":{"line":226,"column":23},"end":{"line":229,"column":20}},"86":{"start":{"line":231,"column":6},"end":{"line":231,"column":101}},"87":{"start":{"line":232,"column":6},"end":{"line":232,"column":70}},"88":{"start":{"line":235,"column":4},"end":{"line":250,"column":7}},"89":{"start":{"line":236,"column":25},"end":{"line":241,"column":8}},"90":{"start":{"line":243,"column":23},"end":{"line":246,"column":20}},"91":{"start":{"line":248,"column":6},"end":{"line":248,"column":77}},"92":{"start":{"line":249,"column":6},"end":{"line":249,"column":70}},"93":{"start":{"line":253,"column":2},"end":{"line":341,"column":5}},"94":{"start":{"line":254,"column":4},"end":{"line":270,"column":7}},"95":{"start":{"line":255,"column":21},"end":{"line":255,"column":22}},"96":{"start":{"line":256,"column":24},"end":{"line":256,"column":40}},"97":{"start":{"line":257,"column":26},"end":{"line":257,"column":90}},"98":{"start":{"line":259,"column":6},"end":{"line":259,"column":63}},"99":{"start":{"line":260,"column":6},"end":{"line":260,"column":70}},"100":{"start":{"line":262,"column":23},"end":{"line":265,"column":20}},"101":{"start":{"line":267,"column":6},"end":{"line":267,"column":49}},"102":{"start":{"line":268,"column":6},"end":{"line":268,"column":72}},"103":{"start":{"line":269,"column":6},"end":{"line":269,"column":83}},"104":{"start":{"line":272,"column":4},"end":{"line":286,"column":7}},"105":{"start":{"line":273,"column":21},"end":{"line":273,"column":24}},"106":{"start":{"line":274,"column":24},"end":{"line":274,"column":40}},"107":{"start":{"line":276,"column":6},"end":{"line":276,"column":59}},"108":{"start":{"line":278,"column":23},"end":{"line":281,"column":20}},"109":{"start":{"line":283,"column":6},"end":{"line":283,"column":64}},"110":{"start":{"line":284,"column":6},"end":{"line":284,"column":72}},"111":{"start":{"line":285,"column":6},"end":{"line":285,"column":70}},"112":{"start":{"line":288,"column":4},"end":{"line":302,"column":7}},"113":{"start":{"line":289,"column":21},"end":{"line":289,"column":22}},"114":{"start":{"line":290,"column":24},"end":{"line":290,"column":39}},"115":{"start":{"line":292,"column":6},"end":{"line":292,"column":63}},"116":{"start":{"line":294,"column":23},"end":{"line":297,"column":20}},"117":{"start":{"line":299,"column":6},"end":{"line":299,"column":46}},"118":{"start":{"line":300,"column":6},"end":{"line":300,"column":72}},"119":{"start":{"line":301,"column":6},"end":{"line":301,"column":70}},"120":{"start":{"line":304,"column":4},"end":{"line":315,"column":7}},"121":{"start":{"line":305,"column":21},"end":{"line":305,"column":22}},"122":{"start":{"line":306,"column":25},"end":{"line":306,"column":42}},"123":{"start":{"line":308,"column":23},"end":{"line":311,"column":20}},"124":{"start":{"line":313,"column":6},"end":{"line":313,"column":79}},"125":{"start":{"line":314,"column":6},"end":{"line":314,"column":66}},"126":{"start":{"line":317,"column":4},"end":{"line":328,"column":7}},"127":{"start":{"line":318,"column":21},"end":{"line":318,"column":22}},"128":{"start":{"line":319,"column":25},"end":{"line":319,"column":27}},"129":{"start":{"line":321,"column":23},"end":{"line":324,"column":20}},"130":{"start":{"line":326,"column":6},"end":{"line":326,"column":79}},"131":{"start":{"line":327,"column":6},"end":{"line":327,"column":66}},"132":{"start":{"line":330,"column":4},"end":{"line":340,"column":7}},"133":{"start":{"line":331,"column":24},"end":{"line":331,"column":33}},"134":{"start":{"line":332,"column":24},"end":{"line":332,"column":40}},"135":{"start":{"line":334,"column":6},"end":{"line":337,"column":21}},"136":{"start":{"line":339,"column":6},"end":{"line":339,"column":66}}},"fnMap":{"0":{"name":"(anonymous_1)","decl":{"start":{"line":12,"column":34},"end":{"line":12,"column":37}},"loc":{"start":{"line":12,"column":39},"end":{"line":342,"column":1}}},"1":{"name":"(anonymous_2)","decl":{"start":{"line":94,"column":13},"end":{"line":94,"column":18}},"loc":{"start":{"line":94,"column":24},"end":{"line":120,"column":3}}},"2":{"name":"(anonymous_3)","decl":{"start":{"line":122,"column":12},"end":{"line":122,"column":17}},"loc":{"start":{"line":122,"column":23},"end":{"line":125,"column":3}}},"3":{"name":"(anonymous_4)","decl":{"start":{"line":127,"column":26},"end":{"line":127,"column":29}},"loc":{"start":{"line":127,"column":31},"end":{"line":251,"column":3}}},"4":{"name":"(anonymous_5)","decl":{"start":{"line":128,"column":48},"end":{"line":128,"column":53}},"loc":{"start":{"line":128,"column":59},"end":{"line":144,"column":5}}},"5":{"name":"(anonymous_6)","decl":{"start":{"line":146,"column":55},"end":{"line":146,"column":60}},"loc":{"start":{"line":146,"column":66},"end":{"line":159,"column":5}}},"6":{"name":"(anonymous_7)","decl":{"start":{"line":161,"column":56},"end":{"line":161,"column":61}},"loc":{"start":{"line":161,"column":67},"end":{"line":175,"column":5}}},"7":{"name":"(anonymous_8)","decl":{"start":{"line":177,"column":62},"end":{"line":177,"column":67}},"loc":{"start":{"line":177,"column":73},"end":{"line":192,"column":5}}},"8":{"name":"(anonymous_9)","decl":{"start":{"line":194,"column":49},"end":{"line":194,"column":54}},"loc":{"start":{"line":194,"column":60},"end":{"line":209,"column":5}}},"9":{"name":"(anonymous_10)","decl":{"start":{"line":211,"column":62},"end":{"line":211,"column":67}},"loc":{"start":{"line":211,"column":73},"end":{"line":221,"column":5}}},"10":{"name":"(anonymous_11)","decl":{"start":{"line":223,"column":52},"end":{"line":223,"column":57}},"loc":{"start":{"line":223,"column":63},"end":{"line":233,"column":5}}},"11":{"name":"(anonymous_12)","decl":{"start":{"line":235,"column":52},"end":{"line":235,"column":57}},"loc":{"start":{"line":235,"column":63},"end":{"line":250,"column":5}}},"12":{"name":"(anonymous_13)","decl":{"start":{"line":253,"column":38},"end":{"line":253,"column":41}},"loc":{"start":{"line":253,"column":43},"end":{"line":341,"column":3}}},"13":{"name":"(anonymous_14)","decl":{"start":{"line":254,"column":49},"end":{"line":254,"column":54}},"loc":{"start":{"line":254,"column":60},"end":{"line":270,"column":5}}},"14":{"name":"(anonymous_15)","decl":{"start":{"line":272,"column":51},"end":{"line":272,"column":56}},"loc":{"start":{"line":272,"column":62},"end":{"line":286,"column":5}}},"15":{"name":"(anonymous_16)","decl":{"start":{"line":288,"column":82},"end":{"line":288,"column":87}},"loc":{"start":{"line":288,"column":93},"end":{"line":302,"column":5}}},"16":{"name":"(anonymous_17)","decl":{"start":{"line":304,"column":56},"end":{"line":304,"column":61}},"loc":{"start":{"line":304,"column":67},"end":{"line":315,"column":5}}},"17":{"name":"(anonymous_18)","decl":{"start":{"line":317,"column":50},"end":{"line":317,"column":55}},"loc":{"start":{"line":317,"column":61},"end":{"line":328,"column":5}}},"18":{"name":"(anonymous_19)","decl":{"start":{"line":330,"column":52},"end":{"line":330,"column":57}},"loc":{"start":{"line":330,"column":63},"end":{"line":340,"column":5}}}},"branchMap":{},"s":{"0":0,"1":0,"2":0,"3":0,"4":0,"5":0,"6":0,"7":0,"8":0,"9":0,"10":0,"11":0,"12":0,"13":0,"14":0,"15":0,"16":0,"17":0,"18":0,"19":0,"20":0,"21":0,"22":0,"23":0,"24":0,"25":0,"26":0,"27":0,"28":0,"29":0,"30":0,"31":0,"32":0,"33":0,"34":0,"35":0,"36":0,"37":0,"38":0,"39":0,"40":0,"41":0,"42":0,"43":0,"44":0,"45":0,"46":0,"47":0,"48":0,"49":0,"50":0,"51":0,"52":0,"53":0,"54":0,"55":0,"56":0,"57":0,"58":0,"59":0,"60":0,"61":0,"62":0,"63":0,"64":0,"65":0,"66":0,"67":0,"68":0,"69":0,"70":0,"71":0,"72":0,"73":0,"74":0,"75":0,"76":0,"77":0,"78":0,"79":0,"80":0,"81":0,"82":0,"83":0,"84":0,"85":0,"86":0,"87":0,"88":0,"89":0,"90":0,"91":0,"92":0,"93":0,"94":0,"95":0,"96":0,"97":0,"98":0,"99":0,"100":0,"101":0,"102":0,"103":0,"104":0,"105":0,"106":0,"107":0,"108":0,"109":0,"110":0,"111":0,"112":0,"113":0,"114":0,"115":0,"116":0,"117":0,"118":0,"119":0,"120":0,"121":0,"122":0,"123":0,"124":0,"125":0,"126":0,"127":0,"128":0,"129":0,"130":0,"131":0,"132":0,"133":0,"134":0,"135":0,"136":0},"f":{"0":0,"1":0,"2":0,"3":0,"4":0,"5":0,"6":0,"7":0,"8":0,"9":0,"10":0,"11":0,"12":0,"13":0,"14":0,"15":0,"16":0,"17":0,"18":0},"b":{}}
,"C:\\Users\\Administrator\\Documents\\aiprodutor\\aiprodutor-backend\\src\\areas\\areas.module.ts": {"path":"C:\\Users\\Administrator\\Documents\\aiprodutor\\aiprodutor-backend\\src\\areas\\areas.module.ts","statementMap":{"0":{"start":{"line":2,"column":0},"end":{"line":2,"column":40}},"1":{"start":{"line":3,"column":0},"end":{"line":3,"column":47}},"2":{"start":{"line":4,"column":0},"end":{"line":4,"column":53}},"3":{"start":{"line":5,"column":0},"end":{"line":5,"column":53}},"4":{"start":{"line":6,"column":0},"end":{"line":6,"column":72}},"5":{"start":{"line":7,"column":0},"end":{"line":7,"column":74}},"6":{"start":{"line":8,"column":0},"end":{"line":8,"column":92}},"7":{"start":{"line":9,"column":0},"end":{"line":9,"column":62}},"8":{"start":{"line":22,"column":7},"end":{"line":22,"column":null}},"9":{"start":{"line":22,"column":13},"end":{"line":22,"column":24}},"10":{"start":{"line":22,"column":13},"end":{"line":22,"column":null}}},"fnMap":{},"branchMap":{},"s":{"0":1,"1":1,"2":1,"3":1,"4":1,"5":1,"6":1,"7":1,"8":1,"9":1,"10":1},"f":{},"b":{}}
,"C:\\Users\\Administrator\\Documents\\aiprodutor\\aiprodutor-backend\\src\\areas\\areas.repository.ts": {"path":"C:\\Users\\Administrator\\Documents\\aiprodutor\\aiprodutor-backend\\src\\areas\\areas.repository.ts","statementMap":{"0":{"start":{"line":2,"column":0},"end":{"line":2,"column":44}},"1":{"start":{"line":3,"column":0},"end":{"line":3,"column":64}},"2":{"start":{"line":7,"column":7},"end":{"line":46,"column":null}},"3":{"start":{"line":8,"column":31},"end":{"line":8,"column":39}},"4":{"start":{"line":11,"column":72},"end":{"line":11,"column":86}},"5":{"start":{"line":12,"column":26},"end":{"line":12,"column":49}},"6":{"start":{"line":14,"column":19},"end":{"line":27,"column":null}},"7":{"start":{"line":29,"column":16},"end":{"line":29,"column":58}},"8":{"start":{"line":30,"column":4},"end":{"line":33,"column":6}},"9":{"start":{"line":37,"column":4},"end":{"line":37,"column":58}},"10":{"start":{"line":41,"column":4},"end":{"line":44,"column":7}},"11":{"start":{"line":7,"column":13},"end":{"line":7,"column":28}},"12":{"start":{"line":7,"column":13},"end":{"line":46,"column":null}}},"fnMap":{"0":{"name":"(anonymous_2)","decl":{"start":{"line":8,"column":2},"end":{"line":8,"column":31}},"loc":{"start":{"line":8,"column":52},"end":{"line":8,"column":56}}},"1":{"name":"(anonymous_3)","decl":{"start":{"line":10,"column":2},"end":{"line":10,"column":7}},"loc":{"start":{"line":10,"column":45},"end":{"line":34,"column":3}}},"2":{"name":"(anonymous_4)","decl":{"start":{"line":36,"column":2},"end":{"line":36,"column":7}},"loc":{"start":{"line":36,"column":27},"end":{"line":38,"column":3}}},"3":{"name":"(anonymous_5)","decl":{"start":{"line":40,"column":2},"end":{"line":40,"column":7}},"loc":{"start":{"line":40,"column":47},"end":{"line":45,"column":3}}}},"branchMap":{"0":{"loc":{"start":{"line":29,"column":16},"end":{"line":29,"column":58}},"type":"cond-expr","locations":[{"start":{"line":29,"column":40},"end":{"line":29,"column":49}},{"start":{"line":29,"column":52},"end":{"line":29,"column":58}}]},"1":{"loc":{"start":{"line":32,"column":15},"end":{"line":32,"column":71}},"type":"cond-expr","locations":[{"start":{"line":32,"column":36},"end":{"line":32,"column":59}},{"start":{"line":32,"column":62},"end":{"line":32,"column":71}}]},"2":{"loc":{"start":{"line":32,"column":15},"end":{"line":32,"column":33}},"type":"binary-expr","locations":[{"start":{"line":32,"column":15},"end":{"line":32,"column":18}},{"start":{"line":32,"column":22},"end":{"line":32,"column":33}}]},"3":{"loc":{"start":{"line":8,"column":39},"end":{"line":8,"column":55}},"type":"cond-expr","locations":[{"start":{"line":8,"column":52},"end":{"line":8,"column":55}},{"start":{"line":8,"column":52},"end":{"line":8,"column":55}}]},"4":{"loc":{"start":{"line":8,"column":39},"end":{"line":8,"column":52}},"type":"binary-expr","locations":[{"start":{"line":8,"column":39},"end":{"line":8,"column":55}},{"start":{"line":8,"column":39},"end":{"line":8,"column":52}}]}},"s":{"0":4,"1":4,"2":4,"3":10,"4":5,"5":5,"6":5,"7":5,"8":5,"9":2,"10":3,"11":4,"12":4},"f":{"0":10,"1":5,"2":2,"3":3},"b":{"0":[4,1],"1":[3,2],"2":[5,5],"3":[4,0],"4":[4,4]}}
,"C:\\Users\\Administrator\\Documents\\aiprodutor\\aiprodutor-backend\\src\\areas\\areas.service.ts": {"path":"C:\\Users\\Administrator\\Documents\\aiprodutor\\aiprodutor-backend\\src\\areas\\areas.service.ts","statementMap":{"0":{"start":{"line":2,"column":0},"end":{"line":2,"column":63}},"1":{"start":{"line":3,"column":0},"end":{"line":3,"column":53}},"2":{"start":{"line":4,"column":0},"end":{"line":4,"column":72}},"3":{"start":{"line":5,"column":0},"end":{"line":5,"column":74}},"4":{"start":{"line":6,"column":0},"end":{"line":6,"column":92}},"5":{"start":{"line":11,"column":7},"end":{"line":55,"column":null}},"6":{"start":{"line":13,"column":21},"end":{"line":13,"column":33}},"7":{"start":{"line":14,"column":21},"end":{"line":14,"column":42}},"8":{"start":{"line":15,"column":21},"end":{"line":15,"column":42}},"9":{"start":{"line":16,"column":21},"end":{"line":16,"column":48}},"10":{"start":{"line":20,"column":72},"end":{"line":20,"column":86}},"11":{"start":{"line":22,"column":21},"end":{"line":22,"column":72}},"12":{"start":{"line":23,"column":4},"end":{"line":25,"column":5}},"13":{"start":{"line":24,"column":6},"end":{"line":24,"column":61}},"14":{"start":{"line":27,"column":21},"end":{"line":27,"column":72}},"15":{"start":{"line":28,"column":4},"end":{"line":30,"column":5}},"16":{"start":{"line":29,"column":6},"end":{"line":29,"column":65}},"17":{"start":{"line":32,"column":27},"end":{"line":32,"column":90}},"18":{"start":{"line":33,"column":4},"end":{"line":35,"column":5}},"19":{"start":{"line":34,"column":6},"end":{"line":34,"column":70}},"20":{"start":{"line":37,"column":4},"end":{"line":37,"column":50}},"21":{"start":{"line":42,"column":17},"end":{"line":42,"column":51}},"22":{"start":{"line":43,"column":4},"end":{"line":45,"column":5}},"23":{"start":{"line":44,"column":6},"end":{"line":44,"column":57}},"24":{"start":{"line":47,"column":23},"end":{"line":47,"column":42}},"25":{"start":{"line":49,"column":4},"end":{"line":51,"column":5}},"26":{"start":{"line":50,"column":6},"end":{"line":50,"column":18}},"27":{"start":{"line":53,"column":4},"end":{"line":53,"column":55}},"28":{"start":{"line":11,"column":13},"end":{"line":11,"column":25}},"29":{"start":{"line":11,"column":13},"end":{"line":55,"column":null}}},"fnMap":{"0":{"name":"(anonymous_2)","decl":{"start":{"line":12,"column":2},"end":{"line":12,"column":null}},"loc":{"start":{"line":16,"column":73},"end":{"line":17,"column":6}}},"1":{"name":"(anonymous_3)","decl":{"start":{"line":19,"column":2},"end":{"line":19,"column":7}},"loc":{"start":{"line":19,"column":45},"end":{"line":38,"column":3}}},"2":{"name":"(anonymous_4)","decl":{"start":{"line":40,"column":2},"end":{"line":40,"column":7}},"loc":{"start":{"line":40,"column":57},"end":{"line":54,"column":3}}}},"branchMap":{"0":{"loc":{"start":{"line":23,"column":4},"end":{"line":25,"column":5}},"type":"if","locations":[{"start":{"line":23,"column":4},"end":{"line":25,"column":5}},{"start":{},"end":{}}]},"1":{"loc":{"start":{"line":28,"column":4},"end":{"line":30,"column":5}},"type":"if","locations":[{"start":{"line":28,"column":4},"end":{"line":30,"column":5}},{"start":{},"end":{}}]},"2":{"loc":{"start":{"line":33,"column":4},"end":{"line":35,"column":5}},"type":"if","locations":[{"start":{"line":33,"column":4},"end":{"line":35,"column":5}},{"start":{},"end":{}}]},"3":{"loc":{"start":{"line":43,"column":4},"end":{"line":45,"column":5}},"type":"if","locations":[{"start":{"line":43,"column":4},"end":{"line":45,"column":5}},{"start":{},"end":{}}]},"4":{"loc":{"start":{"line":49,"column":4},"end":{"line":51,"column":5}},"type":"if","locations":[{"start":{"line":49,"column":4},"end":{"line":51,"column":5}},{"start":{},"end":{}}]},"5":{"loc":{"start":{"line":13,"column":33},"end":{"line":13,"column":null}},"type":"cond-expr","locations":[{"start":{"line":13,"column":48},"end":{"line":13,"column":null}},{"start":{"line":13,"column":48},"end":{"line":13,"column":null}}]},"6":{"loc":{"start":{"line":13,"column":33},"end":{"line":13,"column":48}},"type":"binary-expr","locations":[{"start":{"line":13,"column":33},"end":{"line":13,"column":null}},{"start":{"line":13,"column":33},"end":{"line":13,"column":48}}]},"7":{"loc":{"start":{"line":13,"column":48},"end":{"line":14,"column":null}},"type":"cond-expr","locations":[{"start":{"line":14,"column":61},"end":{"line":14,"column":null}},{"start":{"line":14,"column":61},"end":{"line":14,"column":null}}]},"8":{"loc":{"start":{"line":13,"column":48},"end":{"line":14,"column":61}},"type":"binary-expr","locations":[{"start":{"line":13,"column":48},"end":{"line":14,"column":null}},{"start":{"line":14,"column":42},"end":{"line":14,"column":61}}]},"9":{"loc":{"start":{"line":14,"column":61},"end":{"line":15,"column":null}},"type":"cond-expr","locations":[{"start":{"line":15,"column":61},"end":{"line":15,"column":null}},{"start":{"line":15,"column":61},"end":{"line":15,"column":null}}]},"10":{"loc":{"start":{"line":14,"column":61},"end":{"line":15,"column":61}},"type":"binary-expr","locations":[{"start":{"line":14,"column":61},"end":{"line":15,"column":null}},{"start":{"line":15,"column":42},"end":{"line":15,"column":61}}]},"11":{"loc":{"start":{"line":15,"column":61},"end":{"line":16,"column":null}},"type":"cond-expr","locations":[{"start":{"line":16,"column":73},"end":{"line":16,"column":null}},{"start":{"line":16,"column":73},"end":{"line":16,"column":null}}]},"12":{"loc":{"start":{"line":15,"column":61},"end":{"line":16,"column":73}},"type":"binary-expr","locations":[{"start":{"line":15,"column":61},"end":{"line":16,"column":null}},{"start":{"line":16,"column":48},"end":{"line":16,"column":73}}]}},"s":{"0":3,"1":3,"2":3,"3":3,"4":3,"5":3,"6":23,"7":23,"8":23,"9":23,"10":8,"11":8,"12":8,"13":2,"14":6,"15":6,"16":2,"17":4,"18":4,"19":2,"20":2,"21":8,"22":8,"23":2,"24":6,"25":6,"26":2,"27":4,"28":3,"29":3},"f":{"0":23,"1":8,"2":8},"b":{"0":[2,6],"1":[2,4],"2":[2,2],"3":[2,6],"4":[2,4],"5":[3,0],"6":[3,3],"7":[3,0],"8":[3,3],"9":[3,0],"10":[3,3],"11":[3,0],"12":[3,3]}}
,"C:\\Users\\Administrator\\Documents\\aiprodutor\\aiprodutor-backend\\src\\areas\\dto\\area-request.dto.ts": {"path":"C:\\Users\\Administrator\\Documents\\aiprodutor\\aiprodutor-backend\\src\\areas\\dto\\area-request.dto.ts","statementMap":{"0":{"start":{"line":1,"column":0},"end":{"line":1,"column":62}},"1":{"start":{"line":2,"column":0},"end":{"line":2,"column":46}},"2":{"start":{"line":3,"column":0},"end":{"line":3,"column":66}},"3":{"start":{"line":5,"column":0},"end":{"line":5,"column":13}},"4":{"start":{"line":9,"column":2},"end":{"line":9,"column":null}},"5":{"start":{"line":14,"column":2},"end":{"line":14,"column":null}},"6":{"start":{"line":19,"column":2},"end":{"line":19,"column":null}},"7":{"start":{"line":24,"column":2},"end":{"line":24,"column":null}},"8":{"start":{"line":43,"column":2},"end":{"line":43,"column":null}}},"fnMap":{},"branchMap":{"0":{"loc":{"start":{"line":43,"column":11},"end":{"line":43,"column":31}},"type":"cond-expr","locations":[{"start":{"line":43,"column":17},"end":{"line":43,"column":31}},{"start":{"line":43,"column":17},"end":{"line":43,"column":31}}]},"1":{"loc":{"start":{"line":43,"column":11},"end":{"line":43,"column":17}},"type":"binary-expr","locations":[{"start":{"line":43,"column":11},"end":{"line":43,"column":31}},{"start":{"line":43,"column":11},"end":{"line":43,"column":17}}]}},"s":{"0":3,"1":3,"2":3,"3":3,"4":3,"5":3,"6":3,"7":3,"8":3},"f":{},"b":{"0":[0,3],"1":[3,0]}}
,"C:\\Users\\Administrator\\Documents\\aiprodutor\\aiprodutor-backend\\src\\areas\\dto\\is-geojson-polygon.validator.ts": {"path":"C:\\Users\\Administrator\\Documents\\aiprodutor\\aiprodutor-backend\\src\\areas\\dto\\is-geojson-polygon.validator.ts","statementMap":{"0":{"start":{"line":38,"column":0},"end":{"line":38,"column":16}},"1":{"start":{"line":1,"column":0},"end":{"line":1,"column":92}},"2":{"start":{"line":2,"column":0},"end":{"line":2,"column":51}},"3":{"start":{"line":5,"column":2},"end":{"line":7,"column":3}},"4":{"start":{"line":6,"column":4},"end":{"line":6,"column":17}},"5":{"start":{"line":9,"column":32},"end":{"line":9,"column":37}},"6":{"start":{"line":12,"column":2},"end":{"line":14,"column":3}},"7":{"start":{"line":13,"column":4},"end":{"line":13,"column":17}},"8":{"start":{"line":19,"column":2},"end":{"line":19,"column":84}},"9":{"start":{"line":23,"column":2},"end":{"line":25,"column":3}},"10":{"start":{"line":24,"column":4},"end":{"line":24,"column":17}},"11":{"start":{"line":28,"column":2},"end":{"line":30,"column":3}},"12":{"start":{"line":29,"column":4},"end":{"line":29,"column":17}},"13":{"start":{"line":33,"column":16},"end":{"line":33,"column":23}},"14":{"start":{"line":34,"column":15},"end":{"line":34,"column":36}},"15":{"start":{"line":35,"column":2},"end":{"line":35,"column":54}},"16":{"start":{"line":39,"column":2},"end":{"line":86,"column":4}},"17":{"start":{"line":40,"column":4},"end":{"line":85,"column":7}},"18":{"start":{"line":48,"column":10},"end":{"line":50,"column":11}},"19":{"start":{"line":49,"column":12},"end":{"line":49,"column":25}},"20":{"start":{"line":53,"column":10},"end":{"line":55,"column":11}},"21":{"start":{"line":54,"column":12},"end":{"line":54,"column":25}},"22":{"start":{"line":58,"column":10},"end":{"line":60,"column":11}},"23":{"start":{"line":59,"column":12},"end":{"line":59,"column":25}},"24":{"start":{"line":63,"column":10},"end":{"line":65,"column":11}},"25":{"start":{"line":64,"column":12},"end":{"line":64,"column":25}},"26":{"start":{"line":68,"column":10},"end":{"line":70,"column":11}},"27":{"start":{"line":69,"column":12},"end":{"line":69,"column":25}},"28":{"start":{"line":74,"column":10},"end":{"line":79,"column":11}},"29":{"start":{"line":75,"column":12},"end":{"line":75,"column":54}},"30":{"start":{"line":78,"column":12},"end":{"line":78,"column":25}},"31":{"start":{"line":82,"column":10},"end":{"line":82,"column":63}}},"fnMap":{"0":{"name":"isValidCoordinate","decl":{"start":{"line":4,"column":9},"end":{"line":4,"column":26}},"loc":{"start":{"line":4,"column":37},"end":{"line":20,"column":1}}},"1":{"name":"isValidLinearRing","decl":{"start":{"line":22,"column":9},"end":{"line":22,"column":26}},"loc":{"start":{"line":22,"column":36},"end":{"line":36,"column":1}}},"2":{"name":"IsGeoJSONPolygon","decl":{"start":{"line":38,"column":16},"end":{"line":38,"column":32}},"loc":{"start":{"line":38,"column":70},"end":{"line":87,"column":1}}},"3":{"name":"(anonymous_4)","decl":{"start":{"line":39,"column":9},"end":{"line":39,"column":19}},"loc":{"start":{"line":39,"column":55},"end":{"line":86,"column":3}}},"4":{"name":"(anonymous_5)","decl":{"start":{"line":46,"column":8},"end":{"line":46,"column":16}},"loc":{"start":{"line":46,"column":55},"end":{"line":80,"column":9}}},"5":{"name":"(anonymous_6)","decl":{"start":{"line":81,"column":8},"end":{"line":81,"column":22}},"loc":{"start":{"line":81,"column":49},"end":{"line":83,"column":9}}}},"branchMap":{"0":{"loc":{"start":{"line":5,"column":2},"end":{"line":7,"column":3}},"type":"if","locations":[{"start":{"line":5,"column":2},"end":{"line":7,"column":3}},{"start":{},"end":{}}]},"1":{"loc":{"start":{"line":5,"column":6},"end":{"line":5,"column":47}},"type":"binary-expr","locations":[{"start":{"line":5,"column":6},"end":{"line":5,"column":27}},{"start":{"line":5,"column":31},"end":{"line":5,"column":47}}]},"2":{"loc":{"start":{"line":12,"column":2},"end":{"line":14,"column":3}},"type":"if","locations":[{"start":{"line":12,"column":2},"end":{"line":14,"column":3}},{"start":{},"end":{}}]},"3":{"loc":{"start":{"line":12,"column":6},"end":{"line":12,"column":67}},"type":"binary-expr","locations":[{"start":{"line":12,"column":6},"end":{"line":12,"column":35}},{"start":{"line":12,"column":39},"end":{"line":12,"column":67}}]},"4":{"loc":{"start":{"line":19,"column":9},"end":{"line":19,"column":83}},"type":"binary-expr","locations":[{"start":{"line":19,"column":9},"end":{"line":19,"column":26}},{"start":{"line":19,"column":30},"end":{"line":19,"column":46}},{"start":{"line":19,"column":50},"end":{"line":19,"column":65}},{"start":{"line":19,"column":69},"end":{"line":19,"column":83}}]},"5":{"loc":{"start":{"line":23,"column":2},"end":{"line":25,"column":3}},"type":"if","locations":[{"start":{"line":23,"column":2},"end":{"line":25,"column":3}},{"start":{},"end":{}}]},"6":{"loc":{"start":{"line":23,"column":6},"end":{"line":23,"column":45}},"type":"binary-expr","locations":[{"start":{"line":23,"column":6},"end":{"line":23,"column":26}},{"start":{"line":23,"column":30},"end":{"line":23,"column":45}}]},"7":{"loc":{"start":{"line":28,"column":2},"end":{"line":30,"column":3}},"type":"if","locations":[{"start":{"line":28,"column":2},"end":{"line":30,"column":3}},{"start":{},"end":{}}]},"8":{"loc":{"start":{"line":35,"column":9},"end":{"line":35,"column":53}},"type":"binary-expr","locations":[{"start":{"line":35,"column":9},"end":{"line":35,"column":29}},{"start":{"line":35,"column":33},"end":{"line":35,"column":53}}]},"9":{"loc":{"start":{"line":48,"column":10},"end":{"line":50,"column":11}},"type":"if","locations":[{"start":{"line":48,"column":10},"end":{"line":50,"column":11}},{"start":{},"end":{}}]},"10":{"loc":{"start":{"line":48,"column":14},"end":{"line":48,"column":49}},"type":"binary-expr","locations":[{"start":{"line":48,"column":14},"end":{"line":48,"column":20}},{"start":{"line":48,"column":24},"end":{"line":48,"column":49}}]},"11":{"loc":{"start":{"line":53,"column":10},"end":{"line":55,"column":11}},"type":"if","locations":[{"start":{"line":53,"column":10},"end":{"line":55,"column":11}},{"start":{},"end":{}}]},"12":{"loc":{"start":{"line":58,"column":10},"end":{"line":60,"column":11}},"type":"if","locations":[{"start":{"line":58,"column":10},"end":{"line":60,"column":11}},{"start":{},"end":{}}]},"13":{"loc":{"start":{"line":63,"column":10},"end":{"line":65,"column":11}},"type":"if","locations":[{"start":{"line":63,"column":10},"end":{"line":65,"column":11}},{"start":{},"end":{}}]},"14":{"loc":{"start":{"line":68,"column":10},"end":{"line":70,"column":11}},"type":"if","locations":[{"start":{"line":68,"column":10},"end":{"line":70,"column":11}},{"start":{},"end":{}}]}},"s":{"0":4,"1":4,"2":4,"3":118,"4":1,"5":117,"6":117,"7":1,"8":116,"9":29,"10":2,"11":27,"12":4,"13":23,"14":23,"15":23,"16":4,"17":4,"18":42,"19":6,"20":36,"21":6,"22":30,"23":1,"24":29,"25":1,"26":28,"27":7,"28":21,"29":21,"30":1,"31":0},"f":{"0":118,"1":29,"2":4,"3":4,"4":42,"5":0},"b":{"0":[1,117],"1":[118,118],"2":[1,116],"3":[117,116],"4":[116,115,115,114],"5":[2,27],"6":[29,29],"7":[4,23],"8":[23,22],"9":[6,36],"10":[42,36],"11":[6,30],"12":[1,29],"13":[1,28],"14":[7,21]}}
,"C:\\Users\\Administrator\\Documents\\aiprodutor\\aiprodutor-backend\\src\\areas\\dto\\update-area-status.dto.ts": {"path":"C:\\Users\\Administrator\\Documents\\aiprodutor\\aiprodutor-backend\\src\\areas\\dto\\update-area-status.dto.ts","statementMap":{"0":{"start":{"line":1,"column":0},"end":{"line":1,"column":46}},"1":{"start":{"line":2,"column":0},"end":{"line":2,"column":44}},"2":{"start":{"line":4,"column":0},"end":{"line":4,"column":13}},"3":{"start":{"line":7,"column":2},"end":{"line":7,"column":null}}},"fnMap":{},"branchMap":{},"s":{"0":3,"1":3,"2":3,"3":3},"f":{},"b":{}}
,"C:\\Users\\Administrator\\Documents\\aiprodutor\\aiprodutor-backend\\src\\areas\\entities\\area.entity.ts": {"path":"C:\\Users\\Administrator\\Documents\\aiprodutor\\aiprodutor-backend\\src\\areas\\entities\\area.entity.ts","statementMap":{"0":{"start":{"line":1,"column":0},"end":{"line":1,"column":46}},"1":{"start":{"line":38,"column":4},"end":{"line":38,"column":33}},"2":{"start":{"line":3,"column":0},"end":{"line":3,"column":13}},"3":{"start":{"line":5,"column":2},"end":{"line":5,"column":null}},"4":{"start":{"line":8,"column":2},"end":{"line":8,"column":null}},"5":{"start":{"line":17,"column":2},"end":{"line":17,"column":null}},"6":{"start":{"line":20,"column":2},"end":{"line":20,"column":null}},"7":{"start":{"line":23,"column":2},"end":{"line":23,"column":null}},"8":{"start":{"line":26,"column":2},"end":{"line":26,"column":null}},"9":{"start":{"line":29,"column":2},"end":{"line":29,"column":null}},"10":{"start":{"line":32,"column":2},"end":{"line":32,"column":null}},"11":{"start":{"line":35,"column":2},"end":{"line":35,"column":null}}},"fnMap":{"0":{"name":"(anonymous_2)","decl":{"start":{"line":37,"column":2},"end":{"line":37,"column":14}},"loc":{"start":{"line":37,"column":36},"end":{"line":39,"column":3}}}},"branchMap":{"0":{"loc":{"start":{"line":17,"column":11},"end":{"line":17,"column":31}},"type":"cond-expr","locations":[{"start":{"line":17,"column":17},"end":{"line":17,"column":31}},{"start":{"line":17,"column":17},"end":{"line":17,"column":31}}]},"1":{"loc":{"start":{"line":17,"column":11},"end":{"line":17,"column":17}},"type":"binary-expr","locations":[{"start":{"line":17,"column":11},"end":{"line":17,"column":31}},{"start":{"line":17,"column":11},"end":{"line":17,"column":17}}]},"2":{"loc":{"start":{"line":20,"column":13},"end":{"line":20,"column":18}},"type":"cond-expr","locations":[{"start":{"line":20,"column":17},"end":{"line":20,"column":18}},{"start":{"line":20,"column":17},"end":{"line":20,"column":18}}]},"3":{"loc":{"start":{"line":20,"column":13},"end":{"line":20,"column":17}},"type":"binary-expr","locations":[{"start":{"line":20,"column":13},"end":{"line":20,"column":18}},{"start":{"line":20,"column":13},"end":{"line":20,"column":17}}]},"4":{"loc":{"start":{"line":26,"column":13},"end":{"line":26,"column":18}},"type":"cond-expr","locations":[{"start":{"line":26,"column":17},"end":{"line":26,"column":18}},{"start":{"line":26,"column":17},"end":{"line":26,"column":18}}]},"5":{"loc":{"start":{"line":26,"column":13},"end":{"line":26,"column":17}},"type":"binary-expr","locations":[{"start":{"line":26,"column":13},"end":{"line":26,"column":18}},{"start":{"line":26,"column":13},"end":{"line":26,"column":17}}]}},"s":{"0":0,"1":0,"2":0,"3":0,"4":0,"5":0,"6":0,"7":0,"8":0,"9":0,"10":0,"11":0},"f":{"0":0},"b":{"0":[0,0],"1":[0,0],"2":[0,0],"3":[0,0],"4":[0,0],"5":[0,0]}}
,"C:\\Users\\Administrator\\Documents\\aiprodutor\\aiprodutor-backend\\src\\irrigation-types\\irrigation-types.repository.ts": {"path":"C:\\Users\\Administrator\\Documents\\aiprodutor\\aiprodutor-backend\\src\\irrigation-types\\irrigation-types.repository.ts","statementMap":{"0":{"start":{"line":1,"column":0},"end":{"line":1,"column":44}},"1":{"start":{"line":2,"column":0},"end":{"line":2,"column":64}},"2":{"start":{"line":5,"column":7},"end":{"line":11,"column":null}},"3":{"start":{"line":6,"column":31},"end":{"line":6,"column":39}},"4":{"start":{"line":9,"column":4},"end":{"line":9,"column":68}},"5":{"start":{"line":5,"column":13},"end":{"line":5,"column":38}},"6":{"start":{"line":5,"column":13},"end":{"line":11,"column":null}}},"fnMap":{"0":{"name":"(anonymous_2)","decl":{"start":{"line":6,"column":2},"end":{"line":6,"column":31}},"loc":{"start":{"line":6,"column":52},"end":{"line":6,"column":56}}},"1":{"name":"(anonymous_3)","decl":{"start":{"line":8,"column":2},"end":{"line":8,"column":7}},"loc":{"start":{"line":8,"column":27},"end":{"line":10,"column":3}}}},"branchMap":{"0":{"loc":{"start":{"line":6,"column":39},"end":{"line":6,"column":55}},"type":"cond-expr","locations":[{"start":{"line":6,"column":52},"end":{"line":6,"column":55}},{"start":{"line":6,"column":52},"end":{"line":6,"column":55}}]},"1":{"loc":{"start":{"line":6,"column":39},"end":{"line":6,"column":52}},"type":"binary-expr","locations":[{"start":{"line":6,"column":39},"end":{"line":6,"column":55}},{"start":{"line":6,"column":39},"end":{"line":6,"column":52}}]}},"s":{"0":3,"1":3,"2":3,"3":0,"4":0,"5":3,"6":3},"f":{"0":0,"1":0},"b":{"0":[3,0],"1":[3,3]}}
,"C:\\Users\\Administrator\\Documents\\aiprodutor\\aiprodutor-backend\\src\\producers\\producers.controller.ts": {"path":"C:\\Users\\Administrator\\Documents\\aiprodutor\\aiprodutor-backend\\src\\producers\\producers.controller.ts","statementMap":{"0":{"start":{"line":1,"column":0},"end":{"line":1,"column":null}},"1":{"start":{"line":11,"column":0},"end":{"line":11,"column":55}},"2":{"start":{"line":12,"column":0},"end":{"line":12,"column":62}},"3":{"start":{"line":13,"column":0},"end":{"line":13,"column":69}},"4":{"start":{"line":17,"column":7},"end":{"line":55,"column":null}},"5":{"start":{"line":18,"column":31},"end":{"line":18,"column":49}},"6":{"start":{"line":25,"column":4},"end":{"line":25,"column":59}},"7":{"start":{"line":31,"column":4},"end":{"line":31,"column":43}},"8":{"start":{"line":38,"column":4},"end":{"line":38,"column":45}},"9":{"start":{"line":47,"column":4},"end":{"line":47,"column":63}},"10":{"start":{"line":53,"column":4},"end":{"line":53,"column":44}},"11":{"start":{"line":17,"column":13},"end":{"line":17,"column":32}},"12":{"start":{"line":24,"column":2},"end":{"line":26,"column":null}},"13":{"start":{"line":30,"column":2},"end":{"line":32,"column":null}},"14":{"start":{"line":37,"column":2},"end":{"line":39,"column":null}},"15":{"start":{"line":43,"column":2},"end":{"line":48,"column":null}},"16":{"start":{"line":52,"column":2},"end":{"line":54,"column":null}},"17":{"start":{"line":17,"column":13},"end":{"line":55,"column":null}}},"fnMap":{"0":{"name":"(anonymous_4)","decl":{"start":{"line":18,"column":2},"end":{"line":18,"column":31}},"loc":{"start":{"line":18,"column":65},"end":{"line":18,"column":69}}},"1":{"name":"(anonymous_5)","decl":{"start":{"line":24,"column":2},"end":{"line":24,"column":8}},"loc":{"start":{"line":24,"column":53},"end":{"line":26,"column":3}}},"2":{"name":"(anonymous_6)","decl":{"start":{"line":30,"column":2},"end":{"line":30,"column":9}},"loc":{"start":{"line":30,"column":9},"end":{"line":32,"column":3}}},"3":{"name":"(anonymous_7)","decl":{"start":{"line":37,"column":2},"end":{"line":37,"column":9}},"loc":{"start":{"line":37,"column":47},"end":{"line":39,"column":3}}},"4":{"name":"(anonymous_8)","decl":{"start":{"line":43,"column":2},"end":{"line":43,"column":8}},"loc":{"start":{"line":45,"column":57},"end":{"line":48,"column":3}}},"5":{"name":"(anonymous_9)","decl":{"start":{"line":52,"column":2},"end":{"line":52,"column":8}},"loc":{"start":{"line":52,"column":46},"end":{"line":54,"column":3}}}},"branchMap":{"0":{"loc":{"start":{"line":24,"column":36},"end":{"line":24,"column":null}},"type":"cond-expr","locations":[{"start":{"line":24,"column":53},"end":{"line":24,"column":null}},{"start":{"line":24,"column":53},"end":{"line":24,"column":null}}]},"1":{"loc":{"start":{"line":24,"column":36},"end":{"line":24,"column":53}},"type":"binary-expr","locations":[{"start":{"line":24,"column":36},"end":{"line":24,"column":null}},{"start":{"line":24,"column":36},"end":{"line":24,"column":53}}]},"2":{"loc":{"start":{"line":45,"column":31},"end":{"line":45,"column":57}},"type":"cond-expr","locations":[{"start":{"line":45,"column":38},"end":{"line":45,"column":57}},{"start":{"line":45,"column":38},"end":{"line":45,"column":57}}]},"3":{"loc":{"start":{"line":45,"column":31},"end":{"line":45,"column":38}},"type":"binary-expr","locations":[{"start":{"line":45,"column":31},"end":{"line":45,"column":57}},{"start":{"line":45,"column":31},"end":{"line":45,"column":38}}]},"4":{"loc":{"start":{"line":18,"column":49},"end":{"line":18,"column":68}},"type":"cond-expr","locations":[{"start":{"line":18,"column":65},"end":{"line":18,"column":68}},{"start":{"line":18,"column":65},"end":{"line":18,"column":68}}]},"5":{"loc":{"start":{"line":18,"column":49},"end":{"line":18,"column":65}},"type":"binary-expr","locations":[{"start":{"line":18,"column":49},"end":{"line":18,"column":68}},{"start":{"line":18,"column":49},"end":{"line":18,"column":65}}]}},"s":{"0":0,"1":0,"2":0,"3":0,"4":0,"5":0,"6":0,"7":0,"8":0,"9":0,"10":0,"11":0,"12":0,"13":0,"14":0,"15":0,"16":0,"17":0},"f":{"0":0,"1":0,"2":0,"3":0,"4":0,"5":0},"b":{"0":[0,0],"1":[0,0],"2":[0,0],"3":[0,0],"4":[0,0],"5":[0,0]}}
,"C:\\Users\\Administrator\\Documents\\aiprodutor\\aiprodutor-backend\\src\\producers\\producers.module.ts": {"path":"C:\\Users\\Administrator\\Documents\\aiprodutor\\aiprodutor-backend\\src\\producers\\producers.module.ts","statementMap":{"0":{"start":{"line":1,"column":0},"end":{"line":1,"column":40}},"1":{"start":{"line":2,"column":0},"end":{"line":2,"column":55}},"2":{"start":{"line":3,"column":0},"end":{"line":3,"column":61}},"3":{"start":{"line":4,"column":0},"end":{"line":4,"column":61}},"4":{"start":{"line":10,"column":7},"end":{"line":10,"column":null}},"5":{"start":{"line":10,"column":13},"end":{"line":10,"column":28}},"6":{"start":{"line":10,"column":13},"end":{"line":10,"column":null}}},"fnMap":{},"branchMap":{},"s":{"0":0,"1":0,"2":0,"3":0,"4":0,"5":0,"6":0},"f":{},"b":{}}
,"C:\\Users\\Administrator\\Documents\\aiprodutor\\aiprodutor-backend\\src\\producers\\producers.repository.ts": {"path":"C:\\Users\\Administrator\\Documents\\aiprodutor\\aiprodutor-backend\\src\\producers\\producers.repository.ts","statementMap":{"0":{"start":{"line":1,"column":0},"end":{"line":1,"column":44}},"1":{"start":{"line":2,"column":0},"end":{"line":2,"column":64}},"2":{"start":{"line":6,"column":7},"end":{"line":49,"column":null}},"3":{"start":{"line":7,"column":31},"end":{"line":7,"column":39}},"4":{"start":{"line":10,"column":4},"end":{"line":12,"column":7}},"5":{"start":{"line":16,"column":4},"end":{"line":16,"column":43}},"6":{"start":{"line":20,"column":4},"end":{"line":22,"column":7}},"7":{"start":{"line":26,"column":4},"end":{"line":28,"column":7}},"8":{"start":{"line":32,"column":4},"end":{"line":34,"column":7}},"9":{"start":{"line":38,"column":4},"end":{"line":41,"column":7}},"10":{"start":{"line":45,"column":4},"end":{"line":47,"column":7}},"11":{"start":{"line":6,"column":13},"end":{"line":6,"column":32}},"12":{"start":{"line":6,"column":13},"end":{"line":49,"column":null}}},"fnMap":{"0":{"name":"(anonymous_2)","decl":{"start":{"line":7,"column":2},"end":{"line":7,"column":31}},"loc":{"start":{"line":7,"column":52},"end":{"line":7,"column":56}}},"1":{"name":"(anonymous_3)","decl":{"start":{"line":9,"column":2},"end":{"line":9,"column":7}},"loc":{"start":{"line":9,"column":51},"end":{"line":13,"column":3}}},"2":{"name":"(anonymous_4)","decl":{"start":{"line":15,"column":2},"end":{"line":15,"column":7}},"loc":{"start":{"line":15,"column":15},"end":{"line":17,"column":3}}},"3":{"name":"(anonymous_5)","decl":{"start":{"line":19,"column":2},"end":{"line":19,"column":7}},"loc":{"start":{"line":19,"column":27},"end":{"line":23,"column":3}}},"4":{"name":"(anonymous_6)","decl":{"start":{"line":25,"column":2},"end":{"line":25,"column":7}},"loc":{"start":{"line":25,"column":39},"end":{"line":29,"column":3}}},"5":{"name":"(anonymous_7)","decl":{"start":{"line":31,"column":2},"end":{"line":31,"column":7}},"loc":{"start":{"line":31,"column":33},"end":{"line":35,"column":3}}},"6":{"name":"(anonymous_8)","decl":{"start":{"line":37,"column":2},"end":{"line":37,"column":7}},"loc":{"start":{"line":37,"column":72},"end":{"line":42,"column":3}}},"7":{"name":"(anonymous_9)","decl":{"start":{"line":44,"column":2},"end":{"line":44,"column":7}},"loc":{"start":{"line":44,"column":25},"end":{"line":48,"column":3}}}},"branchMap":{"0":{"loc":{"start":{"line":7,"column":39},"end":{"line":7,"column":55}},"type":"cond-expr","locations":[{"start":{"line":7,"column":52},"end":{"line":7,"column":55}},{"start":{"line":7,"column":52},"end":{"line":7,"column":55}}]},"1":{"loc":{"start":{"line":7,"column":39},"end":{"line":7,"column":52}},"type":"binary-expr","locations":[{"start":{"line":7,"column":39},"end":{"line":7,"column":55}},{"start":{"line":7,"column":39},"end":{"line":7,"column":52}}]}},"s":{"0":3,"1":3,"2":3,"3":0,"4":0,"5":0,"6":0,"7":0,"8":0,"9":0,"10":0,"11":3,"12":3},"f":{"0":0,"1":0,"2":0,"3":0,"4":0,"5":0,"6":0,"7":0},"b":{"0":[3,0],"1":[3,3]}}
,"C:\\Users\\Administrator\\Documents\\aiprodutor\\aiprodutor-backend\\src\\producers\\producers.service.ts": {"path":"C:\\Users\\Administrator\\Documents\\aiprodutor\\aiprodutor-backend\\src\\producers\\producers.service.ts","statementMap":{"0":{"start":{"line":1,"column":0},"end":{"line":1,"column":null}},"1":{"start":{"line":7,"column":0},"end":{"line":7,"column":61}},"2":{"start":{"line":10,"column":7},"end":{"line":55,"column":null}},"3":{"start":{"line":11,"column":31},"end":{"line":11,"column":43}},"4":{"start":{"line":15,"column":34},"end":{"line":16,"column":null}},"5":{"start":{"line":18,"column":4},"end":{"line":20,"column":5}},"6":{"start":{"line":19,"column":6},"end":{"line":19,"column":79}},"7":{"start":{"line":22,"column":36},"end":{"line":23,"column":null}},"8":{"start":{"line":25,"column":4},"end":{"line":27,"column":5}},"9":{"start":{"line":26,"column":6},"end":{"line":26,"column":76}},"10":{"start":{"line":29,"column":4},"end":{"line":29,"column":53}},"11":{"start":{"line":33,"column":4},"end":{"line":33,"column":37}},"12":{"start":{"line":37,"column":21},"end":{"line":37,"column":55}},"13":{"start":{"line":38,"column":4},"end":{"line":40,"column":5}},"14":{"start":{"line":39,"column":6},"end":{"line":39,"column":78}},"15":{"start":{"line":41,"column":4},"end":{"line":41,"column":20}},"16":{"start":{"line":46,"column":4},"end":{"line":46,"column":27}},"17":{"start":{"line":47,"column":4},"end":{"line":47,"column":57}},"18":{"start":{"line":52,"column":4},"end":{"line":52,"column":27}},"19":{"start":{"line":53,"column":4},"end":{"line":53,"column":38}},"20":{"start":{"line":10,"column":13},"end":{"line":10,"column":29}},"21":{"start":{"line":10,"column":13},"end":{"line":55,"column":null}}},"fnMap":{"0":{"name":"(anonymous_2)","decl":{"start":{"line":11,"column":2},"end":{"line":11,"column":31}},"loc":{"start":{"line":11,"column":62},"end":{"line":11,"column":66}}},"1":{"name":"(anonymous_3)","decl":{"start":{"line":13,"column":2},"end":{"line":13,"column":7}},"loc":{"start":{"line":13,"column":51},"end":{"line":30,"column":3}}},"2":{"name":"(anonymous_4)","decl":{"start":{"line":32,"column":2},"end":{"line":32,"column":7}},"loc":{"start":{"line":32,"column":15},"end":{"line":34,"column":3}}},"3":{"name":"(anonymous_5)","decl":{"start":{"line":36,"column":2},"end":{"line":36,"column":7}},"loc":{"start":{"line":36,"column":26},"end":{"line":42,"column":3}}},"4":{"name":"(anonymous_6)","decl":{"start":{"line":44,"column":2},"end":{"line":44,"column":7}},"loc":{"start":{"line":44,"column":72},"end":{"line":48,"column":3}}},"5":{"name":"(anonymous_7)","decl":{"start":{"line":50,"column":2},"end":{"line":50,"column":7}},"loc":{"start":{"line":50,"column":25},"end":{"line":54,"column":3}}}},"branchMap":{"0":{"loc":{"start":{"line":18,"column":4},"end":{"line":20,"column":5}},"type":"if","locations":[{"start":{"line":18,"column":4},"end":{"line":20,"column":5}},{"start":{},"end":{}}]},"1":{"loc":{"start":{"line":25,"column":4},"end":{"line":27,"column":5}},"type":"if","locations":[{"start":{"line":25,"column":4},"end":{"line":27,"column":5}},{"start":{},"end":{}}]},"2":{"loc":{"start":{"line":38,"column":4},"end":{"line":40,"column":5}},"type":"if","locations":[{"start":{"line":38,"column":4},"end":{"line":40,"column":5}},{"start":{},"end":{}}]},"3":{"loc":{"start":{"line":11,"column":43},"end":{"line":11,"column":65}},"type":"cond-expr","locations":[{"start":{"line":11,"column":62},"end":{"line":11,"column":65}},{"start":{"line":11,"column":62},"end":{"line":11,"column":65}}]},"4":{"loc":{"start":{"line":11,"column":43},"end":{"line":11,"column":62}},"type":"binary-expr","locations":[{"start":{"line":11,"column":43},"end":{"line":11,"column":65}},{"start":{"line":11,"column":43},"end":{"line":11,"column":62}}]}},"s":{"0":0,"1":0,"2":0,"3":0,"4":0,"5":0,"6":0,"7":0,"8":0,"9":0,"10":0,"11":0,"12":0,"13":0,"14":0,"15":0,"16":0,"17":0,"18":0,"19":0,"20":0,"21":0},"f":{"0":0,"1":0,"2":0,"3":0,"4":0,"5":0},"b":{"0":[0,0],"1":[0,0],"2":[0,0],"3":[0,0],"4":[0,0]}}
,"C:\\Users\\Administrator\\Documents\\aiprodutor\\aiprodutor-backend\\src\\producers\\dto\\create-producer.dto.ts": {"path":"C:\\Users\\Administrator\\Documents\\aiprodutor\\aiprodutor-backend\\src\\producers\\dto\\create-producer.dto.ts","statementMap":{"0":{"start":{"line":1,"column":0},"end":{"line":1,"column":46}},"1":{"start":{"line":2,"column":0},"end":{"line":2,"column":null}},"2":{"start":{"line":14,"column":0},"end":{"line":14,"column":13}},"3":{"start":{"line":21,"column":2},"end":{"line":21,"column":null}},"4":{"start":{"line":32,"column":2},"end":{"line":32,"column":null}},"5":{"start":{"line":43,"column":2},"end":{"line":43,"column":null}},"6":{"start":{"line":51,"column":2},"end":{"line":51,"column":null}},"7":{"start":{"line":62,"column":2},"end":{"line":62,"column":null}},"8":{"start":{"line":70,"column":2},"end":{"line":70,"column":null}},"9":{"start":{"line":78,"column":2},"end":{"line":78,"column":null}},"10":{"start":{"line":87,"column":2},"end":{"line":87,"column":null}},"11":{"start":{"line":96,"column":2},"end":{"line":96,"column":null}}},"fnMap":{},"branchMap":{},"s":{"0":0,"1":0,"2":0,"3":0,"4":0,"5":0,"6":0,"7":0,"8":0,"9":0,"10":0,"11":0},"f":{},"b":{}}
,"C:\\Users\\Administrator\\Documents\\aiprodutor\\aiprodutor-backend\\src\\producers\\entities\\producer.entity.ts": {"path":"C:\\Users\\Administrator\\Documents\\aiprodutor\\aiprodutor-backend\\src\\producers\\entities\\producer.entity.ts","statementMap":{"0":{"start":{"line":1,"column":0},"end":{"line":1,"column":46}},"1":{"start":{"line":55,"column":4},"end":{"line":55,"column":33}},"2":{"start":{"line":63,"column":4},"end":{"line":63,"column":75}},"3":{"start":{"line":3,"column":0},"end":{"line":3,"column":13}},"4":{"start":{"line":5,"column":2},"end":{"line":5,"column":null}},"5":{"start":{"line":11,"column":2},"end":{"line":11,"column":null}},"6":{"start":{"line":17,"column":2},"end":{"line":17,"column":null}},"7":{"start":{"line":23,"column":2},"end":{"line":23,"column":null}},"8":{"start":{"line":26,"column":2},"end":{"line":26,"column":null}},"9":{"start":{"line":29,"column":2},"end":{"line":29,"column":null}},"10":{"start":{"line":32,"column":2},"end":{"line":32,"column":null}},"11":{"start":{"line":35,"column":2},"end":{"line":35,"column":null}},"12":{"start":{"line":38,"column":2},"end":{"line":38,"column":null}},"13":{"start":{"line":45,"column":2},"end":{"line":45,"column":null}},"14":{"start":{"line":48,"column":2},"end":{"line":48,"column":null}},"15":{"start":{"line":51,"column":2},"end":{"line":51,"column":null}}},"fnMap":{"0":{"name":"(anonymous_2)","decl":{"start":{"line":54,"column":2},"end":{"line":54,"column":14}},"loc":{"start":{"line":54,"column":40},"end":{"line":56,"column":3}}},"1":{"name":"(anonymous_3)","decl":{"start":{"line":62,"column":2},"end":{"line":62,"column":19}},"loc":{"start":{"line":62,"column":19},"end":{"line":64,"column":3}}}},"branchMap":{"0":{"loc":{"start":{"line":63,"column":11},"end":{"line":63,"column":74}},"type":"binary-expr","locations":[{"start":{"line":63,"column":11},"end":{"line":63,"column":25}},{"start":{"line":63,"column":29},"end":{"line":63,"column":40}},{"start":{"line":63,"column":44},"end":{"line":63,"column":57}},{"start":{"line":63,"column":61},"end":{"line":63,"column":74}}]},"1":{"loc":{"start":{"line":48,"column":13},"end":{"line":48,"column":18}},"type":"cond-expr","locations":[{"start":{"line":48,"column":17},"end":{"line":48,"column":18}},{"start":{"line":48,"column":17},"end":{"line":48,"column":18}}]},"2":{"loc":{"start":{"line":48,"column":13},"end":{"line":48,"column":17}},"type":"binary-expr","locations":[{"start":{"line":48,"column":13},"end":{"line":48,"column":18}},{"start":{"line":48,"column":13},"end":{"line":48,"column":17}}]},"3":{"loc":{"start":{"line":51,"column":13},"end":{"line":51,"column":18}},"type":"cond-expr","locations":[{"start":{"line":51,"column":17},"end":{"line":51,"column":18}},{"start":{"line":51,"column":17},"end":{"line":51,"column":18}}]},"4":{"loc":{"start":{"line":51,"column":13},"end":{"line":51,"column":17}},"type":"binary-expr","locations":[{"start":{"line":51,"column":13},"end":{"line":51,"column":18}},{"start":{"line":51,"column":13},"end":{"line":51,"column":17}}]}},"s":{"0":0,"1":0,"2":0,"3":0,"4":0,"5":0,"6":0,"7":0,"8":0,"9":0,"10":0,"11":0,"12":0,"13":0,"14":0,"15":0},"f":{"0":0,"1":0},"b":{"0":[0,0,0,0],"1":[0,0],"2":[0,0],"3":[0,0],"4":[0,0]}}
,"C:\\Users\\Administrator\\Documents\\aiprodutor\\aiprodutor-backend\\src\\shared\\prisma\\prisma.module.ts": {"path":"C:\\Users\\Administrator\\Documents\\aiprodutor\\aiprodutor-backend\\src\\shared\\prisma\\prisma.module.ts","statementMap":{"0":{"start":{"line":3,"column":0},"end":{"line":3,"column":48}},"1":{"start":{"line":4,"column":0},"end":{"line":4,"column":49}},"2":{"start":{"line":11,"column":7},"end":{"line":11,"column":null}},"3":{"start":{"line":11,"column":13},"end":{"line":11,"column":25}},"4":{"start":{"line":11,"column":13},"end":{"line":11,"column":null}}},"fnMap":{},"branchMap":{},"s":{"0":1,"1":1,"2":1,"3":1,"4":1},"f":{},"b":{}}
,"C:\\Users\\Administrator\\Documents\\aiprodutor\\aiprodutor-backend\\src\\shared\\prisma\\prisma.service.ts": {"path":"C:\\Users\\Administrator\\Documents\\aiprodutor\\aiprodutor-backend\\src\\shared\\prisma\\prisma.service.ts","statementMap":{"0":{"start":{"line":3,"column":0},"end":{"line":3,"column":58}},"1":{"start":{"line":4,"column":0},"end":{"line":4,"column":57}},"2":{"start":{"line":7,"column":7},"end":{"line":11,"column":null}},"3":{"start":{"line":9,"column":4},"end":{"line":9,"column":26}},"4":{"start":{"line":7,"column":13},"end":{"line":7,"column":26}},"5":{"start":{"line":7,"column":13},"end":{"line":11,"column":null}}},"fnMap":{"0":{"name":"(anonymous_1)","decl":{"start":{"line":8,"column":2},"end":{"line":8,"column":7}},"loc":{"start":{"line":8,"column":20},"end":{"line":10,"column":3}}}},"branchMap":{},"s":{"0":4,"1":4,"2":4,"3":0,"4":4,"5":4},"f":{"0":0},"b":{}}
,"C:\\Users\\Administrator\\Documents\\aiprodutor\\aiprodutor-backend\\src\\soil-types\\soil-types.repository.ts": {"path":"C:\\Users\\Administrator\\Documents\\aiprodutor\\aiprodutor-backend\\src\\soil-types\\soil-types.repository.ts","statementMap":{"0":{"start":{"line":1,"column":0},"end":{"line":1,"column":44}},"1":{"start":{"line":2,"column":0},"end":{"line":2,"column":64}},"2":{"start":{"line":5,"column":7},"end":{"line":11,"column":null}},"3":{"start":{"line":6,"column":31},"end":{"line":6,"column":39}},"4":{"start":{"line":9,"column":4},"end":{"line":9,"column":62}},"5":{"start":{"line":5,"column":13},"end":{"line":5,"column":32}},"6":{"start":{"line":5,"column":13},"end":{"line":11,"column":null}}},"fnMap":{"0":{"name":"(anonymous_2)","decl":{"start":{"line":6,"column":2},"end":{"line":6,"column":31}},"loc":{"start":{"line":6,"column":52},"end":{"line":6,"column":56}}},"1":{"name":"(anonymous_3)","decl":{"start":{"line":8,"column":2},"end":{"line":8,"column":7}},"loc":{"start":{"line":8,"column":27},"end":{"line":10,"column":3}}}},"branchMap":{"0":{"loc":{"start":{"line":6,"column":39},"end":{"line":6,"column":55}},"type":"cond-expr","locations":[{"start":{"line":6,"column":52},"end":{"line":6,"column":55}},{"start":{"line":6,"column":52},"end":{"line":6,"column":55}}]},"1":{"loc":{"start":{"line":6,"column":39},"end":{"line":6,"column":52}},"type":"binary-expr","locations":[{"start":{"line":6,"column":39},"end":{"line":6,"column":55}},{"start":{"line":6,"column":39},"end":{"line":6,"column":52}}]}},"s":{"0":3,"1":3,"2":3,"3":0,"4":0,"5":3,"6":3},"f":{"0":0,"1":0},"b":{"0":[3,0],"1":[3,3]}}
}
