TN:
SF:src\app.controller.ts
FN:11,(anonymous_2)
FNF:1
FNH:0
FNDA:0,(anonymous_2)
DA:3,0
DA:4,0
DA:8,0
DA:11,0
LF:4
LH:0
BRF:0
BRH:0
end_of_record
TN:
SF:src\app.module.ts
FNF:0
FNH:0
DA:3,0
DA:4,0
DA:5,0
DA:6,0
DA:7,0
DA:8,0
DA:20,0
LF:7
LH:0
BRF:0
BRH:0
end_of_record
TN:
SF:src\main.ts
FN:8,bootstrap
FNF:1
FNH:0
FNDA:0,bootstrap
DA:3,0
DA:4,0
DA:5,0
DA:6,0
DA:9,0
DA:10,0
DA:11,0
DA:12,0
DA:15,0
DA:22,0
DA:23,0
DA:25,0
DA:27,0
LF:13
LH:0
BRDA:25,0,0,0
BRDA:25,0,1,0
BRF:2
BRH:0
end_of_record
TN:
SF:src\areas\areas.controller.ts
FN:10,(anonymous_4)
FN:19,(anonymous_5)
FN:30,(anonymous_6)
FNF:3
FNH:3
FNDA:19,(anonymous_4)
FNDA:6,(anonymous_5)
FNDA:6,(anonymous_6)
DA:1,2
DA:2,2
DA:3,2
DA:4,2
DA:5,2
DA:9,2
DA:10,19
DA:19,2
DA:20,6
DA:30,2
DA:34,6
LF:11
LH:11
BRDA:19,0,0,2
BRDA:19,0,1,0
BRDA:19,1,0,2
BRDA:19,1,1,2
BRDA:32,2,0,2
BRDA:32,2,1,0
BRDA:32,3,0,2
BRDA:32,3,1,2
BRDA:10,4,0,2
BRDA:10,4,1,0
BRDA:10,5,0,2
BRDA:10,5,1,2
BRF:12
BRH:9
end_of_record
TN:
SF:src\areas\areas.e2e-spec.ts
FN:12,(anonymous_1)
FN:94,(anonymous_2)
FN:122,(anonymous_3)
FN:127,(anonymous_4)
FN:128,(anonymous_5)
FN:146,(anonymous_6)
FN:161,(anonymous_7)
FN:177,(anonymous_8)
FN:194,(anonymous_9)
FN:211,(anonymous_10)
FN:223,(anonymous_11)
FN:235,(anonymous_12)
FN:253,(anonymous_13)
FN:254,(anonymous_14)
FN:272,(anonymous_15)
FN:288,(anonymous_16)
FN:304,(anonymous_17)
FN:317,(anonymous_18)
FN:330,(anonymous_19)
FNF:19
FNH:0
FNDA:0,(anonymous_1)
FNDA:0,(anonymous_2)
FNDA:0,(anonymous_3)
FNDA:0,(anonymous_4)
FNDA:0,(anonymous_5)
FNDA:0,(anonymous_6)
FNDA:0,(anonymous_7)
FNDA:0,(anonymous_8)
FNDA:0,(anonymous_9)
FNDA:0,(anonymous_10)
FNDA:0,(anonymous_11)
FNDA:0,(anonymous_12)
FNDA:0,(anonymous_13)
FNDA:0,(anonymous_14)
FNDA:0,(anonymous_15)
FNDA:0,(anonymous_16)
FNDA:0,(anonymous_17)
FNDA:0,(anonymous_18)
FNDA:0,(anonymous_19)
DA:1,0
DA:2,0
DA:3,0
DA:4,0
DA:5,0
DA:6,0
DA:7,0
DA:8,0
DA:9,0
DA:10,0
DA:12,0
DA:20,0
DA:26,0
DA:30,0
DA:34,0
DA:38,0
DA:46,0
DA:65,0
DA:72,0
DA:77,0
DA:82,0
DA:94,0
DA:95,0
DA:110,0
DA:111,0
DA:113,0
DA:114,0
DA:115,0
DA:116,0
DA:117,0
DA:119,0
DA:122,0
DA:123,0
DA:124,0
DA:127,0
DA:128,0
DA:129,0
DA:130,0
DA:131,0
DA:132,0
DA:134,0
DA:139,0
DA:140,0
DA:141,0
DA:142,0
DA:143,0
DA:146,0
DA:147,0
DA:149,0
DA:154,0
DA:155,0
DA:156,0
DA:157,0
DA:158,0
DA:161,0
DA:162,0
DA:163,0
DA:165,0
DA:170,0
DA:171,0
DA:172,0
DA:173,0
DA:174,0
DA:177,0
DA:178,0
DA:179,0
DA:180,0
DA:182,0
DA:187,0
DA:188,0
DA:189,0
DA:190,0
DA:191,0
DA:194,0
DA:195,0
DA:202,0
DA:207,0
DA:208,0
DA:211,0
DA:212,0
DA:214,0
DA:219,0
DA:220,0
DA:223,0
DA:224,0
DA:226,0
DA:231,0
DA:232,0
DA:235,0
DA:236,0
DA:243,0
DA:248,0
DA:249,0
DA:253,0
DA:254,0
DA:255,0
DA:256,0
DA:257,0
DA:259,0
DA:260,0
DA:262,0
DA:267,0
DA:268,0
DA:269,0
DA:272,0
DA:273,0
DA:274,0
DA:276,0
DA:278,0
DA:283,0
DA:284,0
DA:285,0
DA:288,0
DA:289,0
DA:290,0
DA:292,0
DA:294,0
DA:299,0
DA:300,0
DA:301,0
DA:304,0
DA:305,0
DA:306,0
DA:308,0
DA:313,0
DA:314,0
DA:317,0
DA:318,0
DA:319,0
DA:321,0
DA:326,0
DA:327,0
DA:330,0
DA:331,0
DA:332,0
DA:334,0
DA:339,0
LF:137
LH:0
BRF:0
BRH:0
end_of_record
TN:
SF:src\areas\areas.module.ts
FNF:0
FNH:0
DA:2,1
DA:3,1
DA:4,1
DA:5,1
DA:6,1
DA:7,1
DA:8,1
DA:9,1
DA:22,1
LF:9
LH:9
BRF:0
BRH:0
end_of_record
TN:
SF:src\areas\areas.repository.ts
FN:8,(anonymous_2)
FN:10,(anonymous_3)
FN:36,(anonymous_4)
FN:40,(anonymous_5)
FNF:4
FNH:4
FNDA:10,(anonymous_2)
FNDA:5,(anonymous_3)
FNDA:2,(anonymous_4)
FNDA:3,(anonymous_5)
DA:2,4
DA:3,4
DA:7,4
DA:8,10
DA:11,5
DA:12,5
DA:14,5
DA:29,5
DA:30,5
DA:37,2
DA:41,3
LF:11
LH:11
BRDA:29,0,0,4
BRDA:29,0,1,1
BRDA:32,1,0,3
BRDA:32,1,1,2
BRDA:32,2,0,5
BRDA:32,2,1,5
BRDA:8,3,0,4
BRDA:8,3,1,0
BRDA:8,4,0,4
BRDA:8,4,1,4
BRF:10
BRH:9
end_of_record
TN:
SF:src\areas\areas.service.ts
FN:12,(anonymous_2)
FN:19,(anonymous_3)
FN:40,(anonymous_4)
FNF:3
FNH:3
FNDA:23,(anonymous_2)
FNDA:8,(anonymous_3)
FNDA:8,(anonymous_4)
DA:2,3
DA:3,3
DA:4,3
DA:5,3
DA:6,3
DA:11,3
DA:13,23
DA:14,23
DA:15,23
DA:16,23
DA:20,8
DA:22,8
DA:23,8
DA:24,2
DA:27,6
DA:28,6
DA:29,2
DA:32,4
DA:33,4
DA:34,2
DA:37,2
DA:42,8
DA:43,8
DA:44,2
DA:47,6
DA:49,6
DA:50,2
DA:53,4
LF:28
LH:28
BRDA:23,0,0,2
BRDA:23,0,1,6
BRDA:28,1,0,2
BRDA:28,1,1,4
BRDA:33,2,0,2
BRDA:33,2,1,2
BRDA:43,3,0,2
BRDA:43,3,1,6
BRDA:49,4,0,2
BRDA:49,4,1,4
BRDA:13,5,0,3
BRDA:13,5,1,0
BRDA:13,6,0,3
BRDA:13,6,1,3
BRDA:13,7,0,3
BRDA:13,7,1,0
BRDA:13,8,0,3
BRDA:13,8,1,3
BRDA:14,9,0,3
BRDA:14,9,1,0
BRDA:14,10,0,3
BRDA:14,10,1,3
BRDA:15,11,0,3
BRDA:15,11,1,0
BRDA:15,12,0,3
BRDA:15,12,1,3
BRF:26
BRH:22
end_of_record
TN:
SF:src\areas\dto\area-request.dto.ts
FNF:0
FNH:0
DA:1,3
DA:2,3
DA:3,3
DA:5,3
DA:9,3
DA:14,3
DA:19,3
DA:24,3
DA:43,3
LF:9
LH:9
BRDA:43,0,0,0
BRDA:43,0,1,3
BRDA:43,1,0,3
BRDA:43,1,1,0
BRF:4
BRH:2
end_of_record
TN:
SF:src\areas\dto\is-geojson-polygon.validator.ts
FN:4,isValidCoordinate
FN:22,isValidLinearRing
FN:38,IsGeoJSONPolygon
FN:39,(anonymous_4)
FN:46,(anonymous_5)
FN:81,(anonymous_6)
FNF:6
FNH:5
FNDA:118,isValidCoordinate
FNDA:29,isValidLinearRing
FNDA:4,IsGeoJSONPolygon
FNDA:4,(anonymous_4)
FNDA:42,(anonymous_5)
FNDA:0,(anonymous_6)
DA:1,4
DA:2,4
DA:5,118
DA:6,1
DA:9,117
DA:12,117
DA:13,1
DA:19,116
DA:23,29
DA:24,2
DA:28,27
DA:29,4
DA:33,23
DA:34,23
DA:35,23
DA:38,4
DA:39,4
DA:40,4
DA:48,42
DA:49,6
DA:53,36
DA:54,6
DA:58,30
DA:59,1
DA:63,29
DA:64,1
DA:68,28
DA:69,7
DA:74,21
DA:75,21
DA:78,1
DA:82,0
LF:32
LH:31
BRDA:5,0,0,1
BRDA:5,0,1,117
BRDA:5,1,0,118
BRDA:5,1,1,118
BRDA:12,2,0,1
BRDA:12,2,1,116
BRDA:12,3,0,117
BRDA:12,3,1,116
BRDA:19,4,0,116
BRDA:19,4,1,115
BRDA:19,4,2,115
BRDA:19,4,3,114
BRDA:23,5,0,2
BRDA:23,5,1,27
BRDA:23,6,0,29
BRDA:23,6,1,29
BRDA:28,7,0,4
BRDA:28,7,1,23
BRDA:35,8,0,23
BRDA:35,8,1,22
BRDA:48,9,0,6
BRDA:48,9,1,36
BRDA:48,10,0,42
BRDA:48,10,1,36
BRDA:53,11,0,6
BRDA:53,11,1,30
BRDA:58,12,0,1
BRDA:58,12,1,29
BRDA:63,13,0,1
BRDA:63,13,1,28
BRDA:68,14,0,7
BRDA:68,14,1,21
BRF:32
BRH:32
end_of_record
TN:
SF:src\areas\dto\update-area-status.dto.ts
FNF:0
FNH:0
DA:1,3
DA:2,3
DA:4,3
DA:7,3
LF:4
LH:4
BRF:0
BRH:0
end_of_record
TN:
SF:src\areas\entities\area.entity.ts
FN:37,(anonymous_2)
FNF:1
FNH:0
FNDA:0,(anonymous_2)
DA:1,0
DA:3,0
DA:5,0
DA:8,0
DA:17,0
DA:20,0
DA:23,0
DA:26,0
DA:29,0
DA:32,0
DA:35,0
DA:38,0
LF:12
LH:0
BRDA:17,0,0,0
BRDA:17,0,1,0
BRDA:17,1,0,0
BRDA:17,1,1,0
BRDA:20,2,0,0
BRDA:20,2,1,0
BRDA:20,3,0,0
BRDA:20,3,1,0
BRDA:26,4,0,0
BRDA:26,4,1,0
BRDA:26,5,0,0
BRDA:26,5,1,0
BRF:12
BRH:0
end_of_record
TN:
SF:src\irrigation-types\irrigation-types.repository.ts
FN:6,(anonymous_2)
FN:8,(anonymous_3)
FNF:2
FNH:0
FNDA:0,(anonymous_2)
FNDA:0,(anonymous_3)
DA:1,3
DA:2,3
DA:5,3
DA:6,0
DA:9,0
LF:5
LH:3
BRDA:6,0,0,3
BRDA:6,0,1,0
BRDA:6,1,0,3
BRDA:6,1,1,3
BRF:4
BRH:3
end_of_record
TN:
SF:src\producers\producers.controller.ts
FN:18,(anonymous_4)
FN:24,(anonymous_5)
FN:30,(anonymous_6)
FN:37,(anonymous_7)
FN:43,(anonymous_8)
FN:52,(anonymous_9)
FNF:6
FNH:0
FNDA:0,(anonymous_4)
FNDA:0,(anonymous_5)
FNDA:0,(anonymous_6)
FNDA:0,(anonymous_7)
FNDA:0,(anonymous_8)
FNDA:0,(anonymous_9)
DA:1,0
DA:11,0
DA:12,0
DA:13,0
DA:17,0
DA:18,0
DA:24,0
DA:25,0
DA:30,0
DA:31,0
DA:37,0
DA:38,0
DA:43,0
DA:47,0
DA:52,0
DA:53,0
LF:16
LH:0
BRDA:24,0,0,0
BRDA:24,0,1,0
BRDA:24,1,0,0
BRDA:24,1,1,0
BRDA:45,2,0,0
BRDA:45,2,1,0
BRDA:45,3,0,0
BRDA:45,3,1,0
BRDA:18,4,0,0
BRDA:18,4,1,0
BRDA:18,5,0,0
BRDA:18,5,1,0
BRF:12
BRH:0
end_of_record
TN:
SF:src\producers\producers.module.ts
FNF:0
FNH:0
DA:1,0
DA:2,0
DA:3,0
DA:4,0
DA:10,0
LF:5
LH:0
BRF:0
BRH:0
end_of_record
TN:
SF:src\producers\producers.repository.ts
FN:7,(anonymous_2)
FN:9,(anonymous_3)
FN:15,(anonymous_4)
FN:19,(anonymous_5)
FN:25,(anonymous_6)
FN:31,(anonymous_7)
FN:37,(anonymous_8)
FN:44,(anonymous_9)
FNF:8
FNH:0
FNDA:0,(anonymous_2)
FNDA:0,(anonymous_3)
FNDA:0,(anonymous_4)
FNDA:0,(anonymous_5)
FNDA:0,(anonymous_6)
FNDA:0,(anonymous_7)
FNDA:0,(anonymous_8)
FNDA:0,(anonymous_9)
DA:1,3
DA:2,3
DA:6,3
DA:7,0
DA:10,0
DA:16,0
DA:20,0
DA:26,0
DA:32,0
DA:38,0
DA:45,0
LF:11
LH:3
BRDA:7,0,0,3
BRDA:7,0,1,0
BRDA:7,1,0,3
BRDA:7,1,1,3
BRF:4
BRH:3
end_of_record
TN:
SF:src\producers\producers.service.ts
FN:11,(anonymous_2)
FN:13,(anonymous_3)
FN:32,(anonymous_4)
FN:36,(anonymous_5)
FN:44,(anonymous_6)
FN:50,(anonymous_7)
FNF:6
FNH:0
FNDA:0,(anonymous_2)
FNDA:0,(anonymous_3)
FNDA:0,(anonymous_4)
FNDA:0,(anonymous_5)
FNDA:0,(anonymous_6)
FNDA:0,(anonymous_7)
DA:1,0
DA:7,0
DA:10,0
DA:11,0
DA:15,0
DA:18,0
DA:19,0
DA:22,0
DA:25,0
DA:26,0
DA:29,0
DA:33,0
DA:37,0
DA:38,0
DA:39,0
DA:41,0
DA:46,0
DA:47,0
DA:52,0
DA:53,0
LF:20
LH:0
BRDA:18,0,0,0
BRDA:18,0,1,0
BRDA:25,1,0,0
BRDA:25,1,1,0
BRDA:38,2,0,0
BRDA:38,2,1,0
BRDA:11,3,0,0
BRDA:11,3,1,0
BRDA:11,4,0,0
BRDA:11,4,1,0
BRF:10
BRH:0
end_of_record
TN:
SF:src\producers\dto\create-producer.dto.ts
FNF:0
FNH:0
DA:1,0
DA:2,0
DA:14,0
DA:21,0
DA:32,0
DA:43,0
DA:51,0
DA:62,0
DA:70,0
DA:78,0
DA:87,0
DA:96,0
LF:12
LH:0
BRF:0
BRH:0
end_of_record
TN:
SF:src\producers\entities\producer.entity.ts
FN:54,(anonymous_2)
FN:62,(anonymous_3)
FNF:2
FNH:0
FNDA:0,(anonymous_2)
FNDA:0,(anonymous_3)
DA:1,0
DA:3,0
DA:5,0
DA:11,0
DA:17,0
DA:23,0
DA:26,0
DA:29,0
DA:32,0
DA:35,0
DA:38,0
DA:45,0
DA:48,0
DA:51,0
DA:55,0
DA:63,0
LF:16
LH:0
BRDA:63,0,0,0
BRDA:63,0,1,0
BRDA:63,0,2,0
BRDA:63,0,3,0
BRDA:48,1,0,0
BRDA:48,1,1,0
BRDA:48,2,0,0
BRDA:48,2,1,0
BRDA:51,3,0,0
BRDA:51,3,1,0
BRDA:51,4,0,0
BRDA:51,4,1,0
BRF:12
BRH:0
end_of_record
TN:
SF:src\shared\prisma\prisma.module.ts
FNF:0
FNH:0
DA:3,1
DA:4,1
DA:11,1
LF:3
LH:3
BRF:0
BRH:0
end_of_record
TN:
SF:src\shared\prisma\prisma.service.ts
FN:8,(anonymous_1)
FNF:1
FNH:0
FNDA:0,(anonymous_1)
DA:3,4
DA:4,4
DA:7,4
DA:9,0
LF:4
LH:3
BRF:0
BRH:0
end_of_record
TN:
SF:src\soil-types\soil-types.repository.ts
FN:6,(anonymous_2)
FN:8,(anonymous_3)
FNF:2
FNH:0
FNDA:0,(anonymous_2)
FNDA:0,(anonymous_3)
DA:1,3
DA:2,3
DA:5,3
DA:6,0
DA:9,0
LF:5
LH:3
BRDA:6,0,0,3
BRDA:6,0,1,0
BRDA:6,1,0,3
BRDA:6,1,1,3
BRF:4
BRH:3
end_of_record
